2021-10-06 12:24:45,087 INFO o.a.j.u.JMeterUtils: Setting Locale to en_GB
2021-10-06 12:24:45,102 INFO o.a.j.JMeter: Loading user properties from: user.properties
2021-10-06 12:24:45,103 INFO o.a.j.JMeter: Loading system properties from: system.properties
2021-10-06 12:24:45,103 INFO o.a.j.JMeter: Loading additional properties from: /Users/dtso/Desktop/BOC/apache-jmeter-5.4.1/bin/user.properties
2021-10-06 12:24:45,111 INFO o.a.j.JMeter: Copyright (c) 1998-2021 The Apache Software Foundation
2021-10-06 12:24:45,111 INFO o.a.j.JMeter: Version 5.4.1
2021-10-06 12:24:45,111 INFO o.a.j.JMeter: java.version=1.8.0_301
2021-10-06 12:24:45,111 INFO o.a.j.JMeter: java.vm.name=Java HotSpot(TM) 64-Bit Server VM
2021-10-06 12:24:45,111 INFO o.a.j.JMeter: os.name=Mac OS X
2021-10-06 12:24:45,111 INFO o.a.j.JMeter: os.arch=x86_64
2021-10-06 12:24:45,111 INFO o.a.j.JMeter: os.version=10.15.7
2021-10-06 12:24:45,111 INFO o.a.j.JMeter: file.encoding=UTF-8
2021-10-06 12:24:45,111 INFO o.a.j.JMeter: java.awt.headless=true
2021-10-06 12:24:45,111 INFO o.a.j.JMeter: Max memory     =3817865216
2021-10-06 12:24:45,112 INFO o.a.j.JMeter: Available Processors =8
2021-10-06 12:24:45,115 INFO o.a.j.JMeter: Default Locale=English (United Kingdom)
2021-10-06 12:24:45,115 INFO o.a.j.JMeter: JMeter  Locale=English (United Kingdom)
2021-10-06 12:24:45,115 INFO o.a.j.JMeter: JMeterHome=/Users/dtso/Desktop/BOC/apache-jmeter-5.4.1
2021-10-06 12:24:45,115 INFO o.a.j.JMeter: user.dir  =/Users/dtso/Desktop/BOC/apache-jmeter-5.4.1/bin
2021-10-06 12:24:45,116 INFO o.a.j.JMeter: PWD       =/Users/dtso/Desktop/BOC/apache-jmeter-5.4.1/bin
2021-10-06 12:24:45,117 INFO o.a.j.JMeter: IP: 192.168.100.173 Name: CN-C02CR0P5ML7J FullName: 192.168.100.173
2021-10-06 12:24:45,121 INFO o.a.j.JMeter: Setting property 'jmeter.reportgenerator.outputdir' to:'/Users/dtso/Desktop/BOC/TestDemo/DemoReport'
2021-10-06 12:24:45,124 INFO o.a.j.r.d.ReportGenerator: ReportGenerator will use for Parsing the separator: ','
2021-10-06 12:24:45,124 INFO o.a.j.r.d.ReportGenerator: Will only generate report from results file: /Users/dtso/Desktop/BOC/TestDemo/Test.jmx
2021-10-06 12:24:45,124 INFO o.a.j.r.d.ReportGenerator: Reading report generator properties from: /Users/dtso/Desktop/BOC/apache-jmeter-5.4.1/bin/reportgenerator.properties
2021-10-06 12:24:45,125 INFO o.a.j.r.d.ReportGenerator: Merging with JMeter properties
2021-10-06 12:24:45,129 INFO o.a.j.r.c.ReportGeneratorConfiguration: Property 'jmeter.reportgenerator.temp_dir' not found, using default value 'temp' instead.
2021-10-06 12:24:45,131 INFO o.a.j.r.c.ReportGeneratorConfiguration: Property 'jmeter.reportgenerator.apdex_per_transaction' not found, using default value 'null' instead.
2021-10-06 12:24:45,137 INFO o.a.j.r.c.ReportGeneratorConfiguration: apdex_per_transaction is empty, not APDEX per transaction customization
2021-10-06 12:24:45,137 INFO o.a.j.r.c.ReportGeneratorConfiguration: Property 'jmeter.reportgenerator.sample_filter' not found, using default value 'null' instead.
2021-10-06 12:24:45,137 INFO o.a.j.r.c.ReportGeneratorConfiguration: Property 'jmeter.reportgenerator.report_title' not found, using default value 'null' instead.
2021-10-06 12:24:45,137 INFO o.a.j.r.c.ReportGeneratorConfiguration: Property 'jmeter.reportgenerator.start_date' not found, using default value 'null' instead.
2021-10-06 12:24:45,138 INFO o.a.j.r.c.ReportGeneratorConfiguration: Property 'jmeter.reportgenerator.end_date' not found, using default value 'null' instead.
2021-10-06 12:24:45,138 INFO o.a.j.r.c.ReportGeneratorConfiguration: Property 'jmeter.reportgenerator.date_format' not found, using default value 'null' instead.
2021-10-06 12:24:45,138 INFO o.a.j.r.c.ReportGeneratorConfiguration: Will use date range start date: null, end date: null
2021-10-06 12:24:45,142 INFO o.a.j.r.c.ReportGeneratorConfiguration: Property 'jmeter.reportgenerator.graph.totalTPS.exclude_controllers' not found, using default value 'false' instead.
2021-10-06 12:24:45,142 INFO o.a.j.r.c.ReportGeneratorConfiguration: Property 'jmeter.reportgenerator.graph.activeThreadsOverTime.exclude_controllers' not found, using default value 'false' instead.
2021-10-06 12:24:45,143 INFO o.a.j.r.c.ReportGeneratorConfiguration: Property 'jmeter.reportgenerator.graph.timeVsThreads.exclude_controllers' not found, using default value 'false' instead.
2021-10-06 12:24:45,143 INFO o.a.j.r.c.ReportGeneratorConfiguration: Property 'jmeter.reportgenerator.graph.responseTimeDistribution.exclude_controllers' not found, using default value 'false' instead.
2021-10-06 12:24:45,143 INFO o.a.j.r.c.ReportGeneratorConfiguration: Property 'jmeter.reportgenerator.graph.transactionsPerSecond.exclude_controllers' not found, using default value 'false' instead.
2021-10-06 12:24:45,143 INFO o.a.j.r.c.ReportGeneratorConfiguration: Property 'jmeter.reportgenerator.graph.responseTimePercentiles.exclude_controllers' not found, using default value 'false' instead.
2021-10-06 12:24:45,143 INFO o.a.j.r.c.ReportGeneratorConfiguration: Property 'jmeter.reportgenerator.graph.responseTimePercentilesOverTime.exclude_controllers' not found, using default value 'false' instead.
2021-10-06 12:24:45,143 INFO o.a.j.r.c.ReportGeneratorConfiguration: Property 'jmeter.reportgenerator.graph.responseTimesOverTime.exclude_controllers' not found, using default value 'false' instead.
2021-10-06 12:24:45,143 INFO o.a.j.r.c.ReportGeneratorConfiguration: Property 'jmeter.reportgenerator.graph.connectTimeOverTime.exclude_controllers' not found, using default value 'false' instead.
2021-10-06 12:24:45,143 INFO o.a.j.r.c.ReportGeneratorConfiguration: Property 'jmeter.reportgenerator.graph.latenciesOverTime.exclude_controllers' not found, using default value 'false' instead.
2021-10-06 12:24:45,144 INFO o.a.j.r.c.ReportGeneratorConfiguration: Property 'jmeter.reportgenerator.exporter.json.filters_only_sample_series' not found, using default value 'true' instead.
2021-10-06 12:24:45,144 INFO o.a.j.r.c.ReportGeneratorConfiguration: Property 'jmeter.reportgenerator.exporter.json.series_filter' not found, using default value '' instead.
2021-10-06 12:24:45,144 INFO o.a.j.r.c.ReportGeneratorConfiguration: Property 'jmeter.reportgenerator.exporter.json.show_controllers_only' not found, using default value 'false' instead.
2021-10-06 12:24:45,145 INFO o.a.j.r.c.ReportGeneratorConfiguration: Property 'jmeter.reportgenerator.exporter.html.filters_only_sample_series' not found, using default value 'true' instead.
2021-10-06 12:24:45,145 INFO o.a.j.r.c.ReportGeneratorConfiguration: Property 'jmeter.reportgenerator.exporter.html.series_filter' not found, using default value '' instead.
2021-10-06 12:24:45,145 INFO o.a.j.r.c.ReportGeneratorConfiguration: Property 'jmeter.reportgenerator.exporter.html.show_controllers_only' not found, using default value 'false' instead.
2021-10-06 12:24:45,249 INFO o.a.j.s.SaveService: Testplan (JMX) version: 2.2. Testlog (JTL) version: 2.2
2021-10-06 12:24:45,263 INFO o.a.j.s.SaveService: Using SaveService properties file encoding UTF-8
2021-10-06 12:24:45,267 INFO o.a.j.s.SaveService: Using SaveService properties version 5.0
2021-10-06 12:24:45,286 INFO o.a.j.r.p.NormalizerSampleConsumer: Using format, 'ms', to parse timeStamp field
2021-10-06 12:24:45,343 INFO o.a.j.r.p.AbstractSampleConsumer: class org.apache.jmeter.report.processor.AggregateConsumer#stopProducing(): beginDate produced 0 samples
2021-10-06 12:24:45,344 INFO o.a.j.r.p.AbstractSampleConsumer: class org.apache.jmeter.report.processor.AggregateConsumer#stopProducing(): endDate produced 0 samples
2021-10-06 12:24:45,346 INFO o.a.j.r.p.AbstractSampleConsumer: class org.apache.jmeter.report.processor.ApdexSummaryConsumer#stopProducing(): apdexSummary produced 0 samples
2021-10-06 12:24:45,346 INFO o.a.j.r.p.AbstractSampleConsumer: class org.apache.jmeter.report.processor.RequestsSummaryConsumer#stopProducing(): requestsSummary produced 0 samples
2021-10-06 12:24:45,352 INFO o.a.j.r.p.AbstractSampleConsumer: class org.apache.jmeter.report.processor.StatisticsSummaryConsumer#stopProducing(): statisticsSummary produced 0 samples
2021-10-06 12:24:45,356 INFO o.a.j.r.p.AbstractSampleConsumer: class org.apache.jmeter.report.processor.Top5ErrorsBySamplerConsumer#stopProducing(): top5ErrorsBySampler produced 0 samples
2021-10-06 12:24:45,356 INFO o.a.j.r.p.AbstractSampleConsumer: class org.apache.jmeter.report.processor.ErrorsSummaryConsumer#stopProducing(): errorsSummary produced 0 samples
2021-10-06 12:24:45,356 INFO o.a.j.r.p.AbstractSampleConsumer: class org.apache.jmeter.report.processor.graph.impl.HitsPerSecondGraphConsumer#stopProducing(): hitsPerSecond produced 0 samples
2021-10-06 12:24:45,364 INFO o.a.j.r.p.AbstractSampleConsumer: class org.apache.jmeter.report.processor.graph.impl.LatencyVSRequestGraphConsumer#stopProducing(): latencyVsRequest produced 0 samples
2021-10-06 12:24:45,365 INFO o.a.j.r.p.AbstractSampleConsumer: class org.apache.jmeter.report.processor.graph.impl.SyntheticResponseTimeDistributionGraphConsumer#stopProducing(): syntheticResponseTimeDistribution produced 0 samples
2021-10-06 12:24:45,365 INFO o.a.j.r.p.AbstractSampleConsumer: class org.apache.jmeter.report.processor.graph.impl.BytesThroughputGraphConsumer#stopProducing(): bytesThroughputOverTime produced 0 samples
2021-10-06 12:24:45,365 INFO o.a.j.r.p.AbstractSampleConsumer: class org.apache.jmeter.report.processor.graph.impl.CodesPerSecondGraphConsumer#stopProducing(): codesPerSecond produced 0 samples
2021-10-06 12:24:45,369 INFO o.a.j.r.p.AbstractSampleConsumer: class org.apache.jmeter.report.processor.graph.impl.ResponseTimeVSRequestGraphConsumer#stopProducing(): responseTimeVsRequest produced 0 samples
2021-10-06 12:24:45,370 INFO o.a.j.r.p.AbstractSampleConsumer: class org.apache.jmeter.report.processor.FilterConsumer#stopProducing(): startIntervalControlerFilter produced 91 samples
2021-10-06 12:24:45,370 INFO o.a.j.r.p.AbstractSampleConsumer: class org.apache.jmeter.report.processor.graph.impl.TotalTPSGraphConsumer#stopProducing(): totalTPS produced 0 samples
2021-10-06 12:24:45,370 INFO o.a.j.r.p.AbstractSampleConsumer: class org.apache.jmeter.report.processor.graph.impl.ActiveThreadsGraphConsumer#stopProducing(): activeThreadsOverTime produced 0 samples
2021-10-06 12:24:45,370 INFO o.a.j.r.p.AbstractSampleConsumer: class org.apache.jmeter.report.processor.graph.impl.TimeVSThreadGraphConsumer#stopProducing(): timeVsThreads produced 0 samples
2021-10-06 12:24:45,370 INFO o.a.j.r.p.AbstractSampleConsumer: class org.apache.jmeter.report.processor.graph.impl.ResponseTimeDistributionGraphConsumer#stopProducing(): responseTimeDistribution produced 0 samples
2021-10-06 12:24:45,370 INFO o.a.j.r.p.AbstractSampleConsumer: class org.apache.jmeter.report.processor.graph.impl.TransactionsPerSecondGraphConsumer#stopProducing(): transactionsPerSecond produced 0 samples
2021-10-06 12:24:45,370 INFO o.a.j.r.p.AbstractSampleConsumer: class org.apache.jmeter.report.processor.graph.impl.ResponseTimePercentilesGraphConsumer#stopProducing(): responseTimePercentiles produced 0 samples
2021-10-06 12:24:45,372 INFO o.a.j.r.p.AbstractSampleConsumer: class org.apache.jmeter.report.processor.graph.impl.ResponseTimePercentilesOverTimeGraphConsumer#stopProducing(): responseTimePercentilesOverTime produced 0 samples
2021-10-06 12:24:45,372 INFO o.a.j.r.p.AbstractSampleConsumer: class org.apache.jmeter.report.processor.graph.impl.ResponseTimeOverTimeGraphConsumer#stopProducing(): responseTimesOverTime produced 0 samples
2021-10-06 12:24:45,372 INFO o.a.j.r.p.AbstractSampleConsumer: class org.apache.jmeter.report.processor.graph.impl.ConnectTimeOverTimeGraphConsumer#stopProducing(): connectTimeOverTime produced 0 samples
2021-10-06 12:24:45,372 INFO o.a.j.r.p.AbstractSampleConsumer: class org.apache.jmeter.report.processor.graph.impl.LatencyOverTimeGraphConsumer#stopProducing(): latenciesOverTime produced 0 samples
2021-10-06 12:24:45,372 INFO o.a.j.r.p.AbstractSampleConsumer: class org.apache.jmeter.report.processor.FilterConsumer#stopProducing(): nameFilter produced 195 samples
2021-10-06 12:24:45,372 INFO o.a.j.r.p.AbstractSampleConsumer: class org.apache.jmeter.report.processor.FilterConsumer#stopProducing(): dateRangeFilter produced 39 samples
2021-10-06 12:24:45,372 INFO o.a.j.r.p.AbstractSampleConsumer: class org.apache.jmeter.report.processor.NormalizerSampleConsumer#stopProducing(): normalizer produced 13 samples
2021-10-06 12:24:45,373 INFO o.a.j.r.p.CsvFileSampleSource: produce(): 13 samples produced in 65ms on channel 0
2021-10-06 12:24:45,373 INFO o.a.j.r.d.ReportGenerator: Exporting data using exporter:'json' of className:'org.apache.jmeter.report.dashboard.JsonExporter'
2021-10-06 12:24:45,503 INFO o.a.j.r.d.JsonExporter: Found data for consumer statisticsSummary in context
2021-10-06 12:24:45,504 INFO o.a.j.r.d.JsonExporter: Creating statistics for overall
2021-10-06 12:24:45,504 INFO o.a.j.r.d.JsonExporter: Creating statistics for other transactions
2021-10-06 12:24:45,505 INFO o.a.j.r.d.JsonExporter: Checking output folder
2021-10-06 12:24:45,505 INFO o.a.j.r.d.JsonExporter: Writing statistics JSON to /Users/dtso/Desktop/BOC/TestDemo/DemoReport/statistics.json
2021-10-06 12:24:45,542 INFO o.a.j.r.d.ReportGenerator: Exporting data using exporter:'html' of className:'org.apache.jmeter.report.dashboard.HtmlTemplateExporter'
2021-10-06 12:24:45,544 INFO o.a.j.r.d.HtmlTemplateExporter: Will generate dashboard in folder: /Users/dtso/Desktop/BOC/TestDemo/DemoReport
2021-10-06 12:24:45,641 INFO o.a.j.r.d.HtmlTemplateExporter: Report will be generated in: /Users/dtso/Desktop/BOC/TestDemo/DemoReport, creating folder structure
2021-10-06 12:24:45,645 INFO o.a.j.r.d.TemplateVisitor: Copying folder from '/Users/dtso/Desktop/BOC/apache-jmeter-5.4.1/bin/report-template' to '/Users/dtso/Desktop/BOC/TestDemo/DemoReport', got message: /Users/dtso/Desktop/BOC/TestDemo/DemoReport, found non empty folder with following content [/Users/dtso/Desktop/BOC/TestDemo/DemoReport/statistics.json], will be ignored
